Connecting to ATC...
Established connection to ATC!
Please type the tail number of your aircraft: 
Whats the fuel consumption per minute?
Whats the total fuel?
Your aircraft has been registered!
To manuver the aircraft type:
L for landing
T for takeoff
Fuel left: 299.25
Fuel left: 299.16666
Fuel left: 299.08334
Fuel left: 299.0
Fuel left: 298.91666
Fuel left: 298.83334
Fuel left: 298.75
Fuel left: 298.66666
Fuel left: 298.58334
Fuel left: 298.5
Fuel left: 298.41666
Fuel left: 298.33334
Fuel left: 298.25
Fuel left: 298.16666
Fuel left: 298.08334
Fuel left: 298.0
Fuel left: 297.91666
Fuel left: 297.83334
Fuel left: 297.75
Fuel left: 297.66666
Fuel left: 297.58334
Fuel left: 297.5
Fuel left: 297.41666
Fuel left: 297.33334
Fuel left: 297.25
Fuel left: 297.16666
Fuel left: 297.08334
Fuel left: 297.0
Fuel left: 296.91666
Fuel left: 296.83334
Fuel left: 296.75
Fuel left: 296.66666
Fuel left: 296.58334
Fuel left: 296.5
Fuel left: 296.41666
Fuel left: 296.33334
Fuel left: 296.25
Fuel left: 296.16666
Fuel left: 296.08334
Fuel left: 296.0
Fuel left: 295.91666
Fuel left: 295.83334
Fuel left: 295.75
Fuel left: 295.66666
Fuel left: 295.58334
Fuel left: 295.5
Fuel left: 295.41666
Fuel left: 295.33334
Fuel left: 295.25
Fuel left: 295.16666
Fuel left: 295.08334
Fuel left: 295.0
Fuel left: 294.91666
Fuel left: 294.83334
Fuel left: 294.75
Fuel left: 294.66666
Fuel left: 294.58334
Fuel left: 294.5
Fuel left: 294.41666
Fuel left: 294.33334
Fuel left: 294.25
Fuel left: 294.16666
Fuel left: 294.08334
Fuel left: 294.0
Fuel left: 293.91666
Fuel left: 293.83334
Fuel left: 293.75
Fuel left: 293.66666
Fuel left: 293.58334
Fuel left: 293.5
Fuel left: 293.41666
Fuel left: 293.33334
Fuel left: 293.25
Fuel left: 293.16666
Fuel left: 293.08334
Fuel left: 293.0
Fuel left: 292.91666
Fuel left: 292.83334
Fuel left: 292.75
Fuel left: 292.66666
Fuel left: 292.58334
Fuel left: 292.5
Fuel left: 292.41666
Fuel left: 292.33334
Fuel left: 292.25
Fuel left: 292.16666
Fuel left: 292.08334
Fuel left: 292.0
Fuel left: 291.91666
Fuel left: 291.83334
Fuel left: 291.75
Fuel left: 291.66666
Fuel left: 291.58334
Fuel left: 291.5
Fuel left: 291.41666
Fuel left: 291.33334
Fuel left: 291.25
Fuel left: 291.16666
Fuel left: 291.08334
Fuel left: 291.0
Fuel left: 290.91666
Fuel left: 290.83334
Fuel left: 290.75
Fuel left: 290.66666
Fuel left: 290.58334
Fuel left: 290.5
Fuel left: 290.41666
Fuel left: 290.33334
Fuel left: 290.25
Fuel left: 290.16666
Fuel left: 290.08334
Fuel left: 290.0
Fuel left: 289.91666
Fuel left: 289.83334
Fuel left: 289.75
Fuel left: 289.66666
Fuel left: 289.58334
Fuel left: 289.5
Fuel left: 289.41666
Fuel left: 289.33334
Fuel left: 289.25
Fuel left: 289.16666
Fuel left: 289.08334
Fuel left: 289.0
Fuel left: 288.91666
Fuel left: 288.83334
Fuel left: 288.75
Fuel left: 288.66666
Fuel left: 288.58334
Fuel left: 288.5
Fuel left: 288.41666
Fuel left: 288.33334
Fuel left: 288.25
Fuel left: 288.16666
Fuel left: 288.08334
Fuel left: 288.0
Fuel left: 287.91666
Fuel left: 287.83334
Fuel left: 287.75
Fuel left: 287.66666
Fuel left: 287.58334
Fuel left: 287.5
Fuel left: 287.41666
Fuel left: 287.33334
Fuel left: 287.25
Fuel left: 287.16666
Fuel left: 287.08334
Fuel left: 287.0
Fuel left: 286.91666
Fuel left: 286.83334
Fuel left: 286.75
Fuel left: 286.66666
Fuel left: 286.58334
Fuel left: 286.5
Fuel left: 286.41666
Fuel left: 286.33334
Fuel left: 286.25
Fuel left: 286.16666
Fuel left: 286.08334
Fuel left: 286.0
Fuel left: 285.91666
Fuel left: 285.83334
Fuel left: 285.66666
Fuel left: 285.58334
Fuel left: 285.5
Fuel left: 285.41666
Fuel left: 285.33334
Fuel left: 285.25
Fuel left: 285.16666
Fuel left: 285.08334
Fuel left: 285.0
Fuel left: 284.91666
Fuel left: 284.83334
Fuel left: 284.75
Fuel left: 284.66666
Fuel left: 284.58334
Fuel left: 284.5
Fuel left: 284.41666
Fuel left: 284.33334
Fuel left: 284.25
Exception in thread "main" java.util.NoSuchElementException: No line found
	at java.base/java.util.Scanner.nextLine(Scanner.java:1690)
	at org.demos.aircraft.AircraftNode.main(AircraftNode.java:53)
Fuel left: 284.16666
Fuel left: 284.08334
Fuel left: 284.0
Fuel left: 283.91666
Fuel left: 283.83334
Fuel left: 283.75
Fuel left: 283.66666
Fuel left: 283.58334
Fuel left: 283.5
Fuel left: 283.41666
Fuel left: 283.33334
Fuel left: 283.25
Fuel left: 283.16666
Fuel left: 283.08334
Fuel left: 283.0
Fuel left: 282.91666
Fuel left: 282.83334
Fuel left: 282.75
Fuel left: 282.66666
Fuel left: 282.58334
Fuel left: 282.5
Fuel left: 282.41666
Fuel left: 282.33334
Fuel left: 282.25
Fuel left: 282.16666
Fuel left: 282.08334
Fuel left: 282.0
Fuel left: 281.91666
Fuel left: 281.83334
Fuel left: 281.75
Fuel left: 281.66666
Fuel left: 281.58334
Fuel left: 281.5
Fuel left: 281.41666
Fuel left: 281.33334
Fuel left: 281.25
Fuel left: 281.16666
Fuel left: 281.08334
Fuel left: 281.0
Fuel left: 280.91666
Fuel left: 280.83334
Fuel left: 280.75
Fuel left: 280.66666
Fuel left: 280.58334
Fuel left: 280.5
Fuel left: 280.41666
Fuel left: 280.33334
Fuel left: 280.25
Fuel left: 280.16666
Fuel left: 280.08334
Fuel left: 280.0
Fuel left: 279.91666
Fuel left: 279.83334
Fuel left: 279.75
Fuel left: 279.66666
Fuel left: 279.58334
Fuel left: 279.5
Fuel left: 279.41666
Fuel left: 279.33334
Fuel left: 279.25
Fuel left: 279.16666
Fuel left: 279.08334
Fuel left: 279.0
Fuel left: 278.91666
Fuel left: 278.83334
Fuel left: 278.75
Fuel left: 278.66666
Fuel left: 278.58334
Fuel left: 278.5
Fuel left: 278.41666
Fuel left: 278.33334
Fuel left: 278.25
Fuel left: 278.16666
Fuel left: 278.08334
Fuel left: 278.0
Fuel left: 277.91666
Fuel left: 277.83334
Fuel left: 277.75
Fuel left: 277.66666
Fuel left: 277.58334
Fuel left: 277.5
Fuel left: 277.41666
Fuel left: 277.33334
