Connecting to ATC...
Established connection to ATC!
Please type the tail number of your aircraft: 
Whats the fuel consumption per minute?
Whats the total fuel?
Your aircraft has been registered!
To manuver the aircraft type:
L for landing
T for takeoff
Fuel left: 297.25
Fuel left: 297.0
Fuel left: 296.75
Fuel left: 296.5
Fuel left: 296.25
Fuel left: 296.0
Fuel left: 295.75
Fuel left: 295.5
Fuel left: 295.25
Fuel left: 295.0
Fuel left: 294.75
Fuel left: 294.5
Fuel left: 294.25
Fuel left: 294.0
Fuel left: 293.75
Fuel left: 293.5
Fuel left: 293.25
Fuel left: 293.0
Fuel left: 292.75
Fuel left: 292.5
Fuel left: 292.25
Fuel left: 292.0
Fuel left: 291.75
Fuel left: 291.5
Fuel left: 291.25
Fuel left: 291.0
Fuel left: 290.75
Fuel left: 290.5
Fuel left: 290.25
Fuel left: 290.0
Fuel left: 289.75
Fuel left: 289.5
Fuel left: 289.25
Fuel left: 289.0
Fuel left: 288.75
Fuel left: 288.5
Fuel left: 288.25
Fuel left: 288.0
Fuel left: 287.75
Fuel left: 287.5
Fuel left: 287.25
Fuel left: 287.0
Fuel left: 286.75
Fuel left: 286.5
Fuel left: 286.25
Fuel left: 286.0
Fuel left: 285.75
Fuel left: 285.5
Fuel left: 285.25
Fuel left: 285.0
Fuel left: 284.75
Fuel left: 284.5
Fuel left: 284.25
Fuel left: 284.0
Fuel left: 283.75
Fuel left: 283.5
Fuel left: 283.25
Fuel left: 283.0
Fuel left: 282.75
Fuel left: 282.5
Fuel left: 282.25
Fuel left: 282.0
Fuel left: 281.75
Fuel left: 281.5
Fuel left: 281.25
Fuel left: 281.0
Fuel left: 280.75
Fuel left: 280.5
Fuel left: 280.25
Fuel left: 280.0
Fuel left: 279.75
Fuel left: 279.5
Fuel left: 279.25
Fuel left: 279.0
Fuel left: 278.75
Fuel left: 278.5
Fuel left: 278.25
Fuel left: 278.0
Fuel left: 277.75
Fuel left: 277.5
Fuel left: 277.25
Fuel left: 277.0
Fuel left: 276.75
Fuel left: 276.5
Fuel left: 276.25
Fuel left: 276.0
Fuel left: 275.75
Fuel left: 275.5
Fuel left: 275.25
Fuel left: 275.0
Fuel left: 274.75
Fuel left: 274.5
Fuel left: 274.25
Fuel left: 274.0
Fuel left: 273.75
Fuel left: 273.5
Fuel left: 273.25
Fuel left: 273.0
Fuel left: 272.75
Fuel left: 272.5
Fuel left: 272.25
Fuel left: 272.0
Fuel left: 271.75
Fuel left: 271.5
Fuel left: 271.25
Fuel left: 271.0
Fuel left: 270.75
Fuel left: 270.5
Fuel left: 270.25
Fuel left: 270.0
Fuel left: 269.75
Fuel left: 269.5
Fuel left: 269.25
Fuel left: 269.0
Fuel left: 268.75
Fuel left: 268.5
Fuel left: 268.25
Fuel left: 268.0
Fuel left: 267.75
Fuel left: 267.5
Fuel left: 267.25
Fuel left: 267.0
Fuel left: 266.75
Fuel left: 266.5
Fuel left: 266.25
Fuel left: 266.0
Fuel left: 265.75
Fuel left: 265.5
Fuel left: 265.25
Fuel left: 265.0
Fuel left: 264.75
Fuel left: 264.5
Fuel left: 264.25
Fuel left: 264.0
Fuel left: 263.75
Fuel left: 263.5
Fuel left: 263.25
Fuel left: 263.0
Fuel left: 262.75
Fuel left: 262.5
Fuel left: 262.25
Fuel left: 262.0
Fuel left: 261.75
Fuel left: 261.5
Fuel left: 261.25
Fuel left: 261.0
Fuel left: 260.75
Fuel left: 260.5
Fuel left: 260.25
Fuel left: 260.0
Fuel left: 259.75
Fuel left: 259.5
Fuel left: 259.25
Fuel left: 259.0
Fuel left: 258.75
Fuel left: 258.5
Fuel left: 258.25
Fuel left: 258.0
Fuel left: 257.75
Fuel left: 257.5
Fuel left: 257.25
Fuel left: 257.0
Fuel left: 256.75
Fuel left: 256.5
Fuel left: 256.25
Fuel left: 256.0
Fuel left: 255.75
Fuel left: 255.5
Fuel left: 255.25
Fuel left: 255.0
Fuel left: 254.75
Fuel left: 254.5
Fuel left: 254.25
Fuel left: 254.0
Fuel left: 253.75
Fuel left: 253.5
Fuel left: 253.25
Fuel left: 252.75
Fuel left: 252.5
Fuel left: 252.25
Exception in thread "main" java.util.NoSuchElementException: No line found
	at java.base/java.util.Scanner.nextLine(Scanner.java:1690)
	at org.demos.aircraft.AircraftNode.main(AircraftNode.java:53)
Fuel left: 252.0
Fuel left: 251.75
Fuel left: 251.5
Fuel left: 251.25
Fuel left: 251.0
Fuel left: 250.75
Fuel left: 250.5
Fuel left: 250.25
Fuel left: 250.0
Fuel left: 249.75
Fuel left: 249.5
Fuel left: 249.25
Fuel left: 249.0
Fuel left: 248.75
Fuel left: 248.5
Fuel left: 248.25
Fuel left: 248.0
Fuel left: 247.75
Fuel left: 247.5
Fuel left: 247.25
Fuel left: 247.0
Fuel left: 246.75
Fuel left: 246.5
Fuel left: 246.25
Fuel left: 246.0
Fuel left: 245.75
Fuel left: 245.5
Fuel left: 245.25
Fuel left: 245.0
Fuel left: 244.75
Fuel left: 244.5
Fuel left: 244.25
Fuel left: 244.0
Fuel left: 243.75
Fuel left: 243.5
Fuel left: 243.25
Fuel left: 243.0
Fuel left: 242.75
Fuel left: 242.5
Fuel left: 242.25
Fuel left: 242.0
Fuel left: 241.75
Fuel left: 241.5
Fuel left: 241.25
Fuel left: 241.0
Fuel left: 240.75
Fuel left: 240.5
Fuel left: 240.25
Fuel left: 240.0
Fuel left: 239.75
Fuel left: 239.5
Fuel left: 239.25
Fuel left: 239.0
Fuel left: 238.75
Fuel left: 238.5
Fuel left: 238.25
Fuel left: 238.0
Fuel left: 237.75
Fuel left: 237.5
Fuel left: 237.25
Fuel left: 237.0
Fuel left: 236.75
Fuel left: 236.5
Fuel left: 236.25
Fuel left: 236.0
Fuel left: 235.75
Fuel left: 235.5
Fuel left: 235.25
Fuel left: 235.0
Fuel left: 234.75
Fuel left: 234.5
Fuel left: 234.25
Fuel left: 234.0
Fuel left: 233.75
Fuel left: 233.5
Fuel left: 233.25
Fuel left: 233.0
Fuel left: 232.75
Fuel left: 232.5
Fuel left: 232.25
Fuel left: 232.0
