Connecting to ATC...
Established connection to ATC!
Please type the tail number of your aircraft: 
Whats the fuel consumption per minute?
Whats the total fuel?
Your aircraft has been registered!
To manuver the aircraft type:
L for landing
T for takeoff
Fuel left: 296.0
Fuel left: 295.66666
Fuel left: 295.33334
Fuel left: 295.0
Fuel left: 294.66666
Fuel left: 294.33334
Fuel left: 294.0
Fuel left: 293.66666
Fuel left: 293.33334
Fuel left: 293.0
Fuel left: 292.66666
Fuel left: 292.33334
Fuel left: 292.0
Fuel left: 291.66666
Fuel left: 291.33334
Fuel left: 291.0
Fuel left: 290.66666
Fuel left: 290.33334
Fuel left: 290.0
Fuel left: 289.66666
Fuel left: 289.33334
Fuel left: 289.0
Fuel left: 288.66666
Fuel left: 288.33334
Fuel left: 288.0
Fuel left: 287.66666
Fuel left: 287.33334
Fuel left: 287.0
Fuel left: 286.66666
Fuel left: 286.33334
Fuel left: 286.0
Fuel left: 285.66666
Fuel left: 285.33334
Fuel left: 285.0
Fuel left: 284.66666
Fuel left: 284.33334
Fuel left: 284.0
Fuel left: 283.66666
Fuel left: 283.33334
Fuel left: 283.0
Fuel left: 282.66666
Fuel left: 282.33334
Fuel left: 282.0
Fuel left: 281.66666
Fuel left: 281.33334
Fuel left: 281.0
Fuel left: 280.66666
Fuel left: 280.33334
Fuel left: 280.0
Fuel left: 279.66666
Fuel left: 279.33334
Fuel left: 279.0
Fuel left: 278.66666
Fuel left: 278.33334
Fuel left: 278.0
Fuel left: 277.66666
Fuel left: 277.33334
Fuel left: 277.0
Fuel left: 276.66666
Fuel left: 276.33334
Fuel left: 276.0
Fuel left: 275.66666
Fuel left: 275.33334
Fuel left: 275.0
Fuel left: 274.66666
Fuel left: 274.33334
Fuel left: 274.0
Fuel left: 273.66666
Fuel left: 273.33334
Fuel left: 273.0
Fuel left: 272.66666
Fuel left: 272.33334
Fuel left: 272.0
Fuel left: 271.66666
Fuel left: 271.33334
Fuel left: 271.0
Fuel left: 270.66666
Fuel left: 270.33334
Fuel left: 270.0
Fuel left: 269.66666
Fuel left: 269.33334
Fuel left: 269.0
Fuel left: 268.66666
Fuel left: 268.33334
Fuel left: 268.0
Fuel left: 267.66666
Fuel left: 267.33334
Fuel left: 267.0
Fuel left: 266.66666
Fuel left: 266.33334
Fuel left: 266.0
Fuel left: 265.66666
Fuel left: 265.33334
Fuel left: 265.0
Fuel left: 264.66666
Fuel left: 264.33334
Fuel left: 264.0
Fuel left: 263.66666
Fuel left: 263.33334
Fuel left: 263.0
Fuel left: 262.66666
Fuel left: 262.33334
Fuel left: 262.0
Fuel left: 261.66666
Fuel left: 261.33334
Fuel left: 261.0
Fuel left: 260.66666
Fuel left: 260.33334
Fuel left: 260.0
Fuel left: 259.66666
Fuel left: 259.33334
Fuel left: 259.0
Fuel left: 258.66666
Fuel left: 258.33334
Fuel left: 258.0
Fuel left: 257.66666
Fuel left: 257.33334
Fuel left: 257.0
Fuel left: 256.66666
Fuel left: 256.33334
Fuel left: 256.0
Fuel left: 255.66667
Fuel left: 255.33333
Fuel left: 255.0
Fuel left: 254.66667
Fuel left: 254.33333
Fuel left: 254.0
Fuel left: 253.66667
Fuel left: 253.33333
Fuel left: 253.0
Fuel left: 252.66667
Fuel left: 252.33333
Fuel left: 252.0
Fuel left: 251.66667
Fuel left: 251.33333
Fuel left: 251.0
Fuel left: 250.66667
Fuel left: 250.33333
Fuel left: 250.0
Fuel left: 249.66667
Fuel left: 249.33333
Fuel left: 249.0
Fuel left: 248.66667
Fuel left: 248.33333
Fuel left: 247.66667
Fuel left: 247.33333
Fuel left: 247.0
Fuel left: 246.66667
Fuel left: 246.33333
Fuel left: 246.0
Fuel left: 245.66667
Fuel left: 245.33333
Fuel left: 245.0
Fuel left: 244.66667
Fuel left: 244.33333
Fuel left: 244.0
Fuel left: 243.66667
Fuel left: 243.33333
Fuel left: 243.0
Fuel left: 242.66667
Fuel left: 242.33333
Fuel left: 242.0
Fuel left: 241.66667
Fuel left: 241.33333
Fuel left: 241.0
Fuel left: 240.66667
Fuel left: 240.33333
Fuel left: 240.0
Fuel left: 239.66667
Fuel left: 239.33333
Fuel left: 239.0
Fuel left: 238.66667
Fuel left: 238.33333
Fuel left: 238.0
Fuel left: 237.66667
Fuel left: 237.33333
Fuel left: 237.0
Fuel left: 236.66667
Fuel left: 236.33333
Fuel left: 236.0
Exception in thread "main" java.util.NoSuchElementException: No line found
	at java.base/java.util.Scanner.nextLine(Scanner.java:1690)
	at org.demos.aircraft.AircraftNode.main(AircraftNode.java:53)
Fuel left: 235.66666
Fuel left: 235.33334
Fuel left: 235.0
Fuel left: 234.66666
Fuel left: 234.33334
Fuel left: 234.0
Fuel left: 233.66666
Fuel left: 233.33334
Fuel left: 233.0
Fuel left: 232.66666
Fuel left: 232.33334
Fuel left: 232.0
Fuel left: 231.66666
Fuel left: 231.33334
Fuel left: 231.0
Fuel left: 230.66666
Fuel left: 230.33334
Fuel left: 230.0
Fuel left: 229.66666
Fuel left: 229.33334
Fuel left: 229.0
Fuel left: 228.66666
Fuel left: 228.33334
Fuel left: 228.0
Fuel left: 227.66666
Fuel left: 227.33334
Fuel left: 227.0
Fuel left: 226.66666
Fuel left: 226.33334
Fuel left: 226.0
Fuel left: 225.66666
Fuel left: 225.33334
Fuel left: 225.0
Fuel left: 224.66666
Fuel left: 224.33334
Fuel left: 224.0
Fuel left: 223.66666
Fuel left: 223.33334
Fuel left: 223.0
Fuel left: 222.66666
Fuel left: 222.33334
Fuel left: 222.0
Fuel left: 221.66666
Fuel left: 221.33334
Fuel left: 221.0
Fuel left: 220.66666
Fuel left: 220.33334
Fuel left: 220.0
Fuel left: 219.66666
Fuel left: 219.33334
Fuel left: 219.0
Fuel left: 218.66666
Fuel left: 218.33334
Fuel left: 218.0
Fuel left: 217.66666
Fuel left: 217.33334
Fuel left: 217.0
Fuel left: 216.66666
Fuel left: 216.33334
Fuel left: 216.0
Fuel left: 215.66666
Fuel left: 215.33334
Fuel left: 215.0
Fuel left: 214.66666
Fuel left: 214.33334
Fuel left: 214.0
Fuel left: 213.66666
Fuel left: 213.33334
Fuel left: 213.0
Fuel left: 212.66666
Fuel left: 212.33334
Fuel left: 212.0
Fuel left: 211.66666
Fuel left: 211.33334
Fuel left: 211.0
Fuel left: 210.66666
Fuel left: 210.33334
Fuel left: 210.0
Fuel left: 209.66666
Fuel left: 209.33334
